<?xml version="1.0" encoding="UTF-8"?>
<!-- Generated by org.testng.reporters.JUnitReportReporter -->
<testsuite hostname="DESKTOP-073QPVU" failures="0" tests="2" name="day2_13032024.DependsOnDemo" time="13.359" errors="0" timestamp="2024-03-13T20:02:38 IST" skipped="0">
  <testcase classname="day2_13032024.DependsOnDemo" name="login" time="1.713"/>
  <testcase classname="day2_13032024.DependsOnDemo" name="launchBrowser" time="11.646"/>
</testsuite> <!-- day2_13032024.DependsOnDemo -->
