<?xml version="1.0" encoding="UTF-8"?>
<!-- Generated by org.testng.reporters.JUnitReportReporter -->
<testsuite hostname="DESKTOP-073QPVU" failures="0" tests="3" name="day4_18032024.CrossBrowserTesting" time="38.129" errors="0" timestamp="2024-03-18T20:23:27 IST" skipped="0">
  <testcase classname="day4_18032024.CrossBrowserTesting" name="launchBrowser" time="13.327"/>
  <testcase classname="day4_18032024.CrossBrowserTesting" name="launchBrowser" time="7.267"/>
  <testcase classname="day4_18032024.CrossBrowserTesting" name="launchBrowser" time="17.535"/>
</testsuite> <!-- day4_18032024.CrossBrowserTesting -->
