<?xml version="1.0" encoding="UTF-8"?>
<!-- Generated by org.testng.reporters.JUnitReportReporter -->
<testsuite hostname="DESKTOP-073QPVU" failures="0" tests="1" name="day2_13032024.MainMethod" time="18.707" errors="0" timestamp="2024-03-13T20:02:38 IST" skipped="0">
  <testcase classname="day2_13032024.MainMethod" name="launchBrowser" time="18.707"/>
</testsuite> <!-- day2_13032024.MainMethod -->
