<?xml version="1.0" encoding="UTF-8"?>
<!-- Generated by org.testng.reporters.JUnitReportReporter -->
<testsuite hostname="DESKTOP-073QPVU" failures="0" tests="3" name="day3_14032024.DataProviderDemo" time="32.617" errors="0" timestamp="2024-03-14T20:11:07 IST" skipped="0">
  <testcase classname="day3_14032024.DataProviderDemo" name="flipkartSearchMobile" time="11.674"/>
  <testcase classname="day3_14032024.DataProviderDemo" name="flipkartSearchMobile" time="10.591"/>
  <testcase classname="day3_14032024.DataProviderDemo" name="flipkartSearchMobile" time="10.352"/>
</testsuite> <!-- day3_14032024.DataProviderDemo -->
