<?xml version="1.0" encoding="UTF-8"?>
<!-- Generated by org.testng.reporters.JUnitReportReporter -->
<testsuite hostname="DESKTOP-073QPVU" failures="0" tests="2" name="day1_12032024.AnnotationsDemo" time="0.038" errors="0" timestamp="2024-03-12T20:02:52 IST" skipped="0">
  <testcase classname="day1_12032024.AnnotationsDemo" name="test2" time="0.010"/>
  <testcase classname="day1_12032024.AnnotationsDemo" name="test1" time="0.028"/>
</testsuite> <!-- day1_12032024.AnnotationsDemo -->
